{
  message: 'connect to mongoose',
  level: 'info',
  label: 'TH',
  timestamp: '2023-06-05T04:03:23.325Z'
}
{
  message: 'Example app listening on port 5000',
  level: 'info',
  label: 'TH',
  timestamp: '2023-06-05T04:03:23.330Z'
}
{
  message: 'connect to mongoose',
  level: 'info',
  label: 'TH',
  timestamp: '2023-06-05T04:04:19.433Z'
}
{
  message: 'Example app listening on port 5000',
  level: 'info',
  label: 'TH',
  timestamp: '2023-06-05T04:04:19.438Z'
}
{
  message: 'connect to mongoose',
  level: 'info',
  label: 'TH',
  timestamp: '2023-06-05T04:04:51.114Z'
}
{
  message: 'Example app listening on port 5000',
  level: 'info',
  label: 'TH',
  timestamp: '2023-06-05T04:04:51.119Z'
}
{
  message: 'connect to mongoose',
  level: 'info',
  label: 'TH',
  timestamp: '2023-06-05T04:05:16.278Z'
}
{
  message: 'Example app listening on port 5000',
  level: 'info',
  label: 'TH',
  timestamp: '2023-06-05T04:05:16.283Z'
}
{
  message: 'connect to mongoose',
  level: 'info',
  label: 'TH',
  timestamp: '2023-06-05T04:05:23.535Z'
}
{
  message: 'Example app listening on port 5000',
  level: 'info',
  label: 'TH',
  timestamp: '2023-06-05T04:05:23.540Z'
}
{
  message: 'connect to mongoose',
  level: 'info',
  label: 'TH',
  timestamp: '2023-06-05T04:05:30.324Z'
}
{
  message: 'Example app listening on port 5000',
  level: 'info',
  label: 'TH',
  timestamp: '2023-06-05T04:05:30.330Z'
}
{
  message: 'connect to mongoose',
  level: 'info',
  label: 'TH',
  timestamp: '2023-06-05T04:06:26.420Z'
}
{
  message: 'Example app listening on port 5000',
  level: 'info',
  label: 'TH',
  timestamp: '2023-06-05T04:06:26.426Z'
}
{
  message: 'connect to mongoose',
  level: 'info',
  label: 'TH',
  timestamp: '2023-06-05T04:07:38.929Z'
}
{
  message: 'Example app listening on port 5000',
  level: 'info',
  label: 'TH',
  timestamp: '2023-06-05T04:07:38.933Z'
}
{
  message: 'connect to mongoose',
  level: 'info',
  label: 'TH',
  timestamp: '2023-06-05T04:07:53.430Z'
}
{
  message: 'Example app listening on port 5000',
  level: 'info',
  label: 'TH',
  timestamp: '2023-06-05T04:07:53.434Z'
}
{
  message: 'connect to mongoose',
  level: 'info',
  label: 'TH',
  timestamp: '2023-06-05T04:08:07.606Z'
}
{
  message: 'Example app listening on port 5000',
  level: 'info',
  label: 'TH',
  timestamp: '2023-06-05T04:08:07.611Z'
}
{
  message: 'connect to mongoose',
  level: 'info',
  label: 'TH',
  timestamp: '2023-06-05T04:08:19.087Z'
}
{
  message: 'Example app listening on port 5000',
  level: 'info',
  label: 'TH',
  timestamp: '2023-06-05T04:08:19.092Z'
}
{
  message: 'connect to mongoose',
  level: 'info',
  label: 'TH',
  timestamp: '2023-06-05T04:08:40.394Z'
}
{
  message: 'Example app listening on port 5000',
  level: 'info',
  label: 'TH',
  timestamp: '2023-06-05T04:08:40.399Z'
}
{
  message: 'connect to mongoose',
  level: 'info',
  label: 'TH',
  timestamp: '2023-06-05T04:10:09.734Z'
}
{
  message: 'Example app listening on port 5000',
  level: 'info',
  label: 'TH',
  timestamp: '2023-06-05T04:10:09.739Z'
}
{
  message: 'connect to mongoose',
  level: 'info',
  label: 'TH',
  timestamp: '2023-06-05T04:10:15.297Z'
}
{
  message: 'Example app listening on port 5000',
  level: 'info',
  label: 'TH',
  timestamp: '2023-06-05T04:10:15.302Z'
}
