{
  message: 'connect to mongoose',
  level: 'info',
  label: 'TH',
  timestamp: '2023-06-08T17:01:11.030Z'
}
{
  message: 'Example app listening on port 5000',
  level: 'info',
  label: 'TH',
  timestamp: '2023-06-08T17:01:11.035Z'
}
{
  message: 'connect to mongoose',
  level: 'info',
  label: 'TH',
  timestamp: '2023-06-08T17:02:03.168Z'
}
{
  message: 'Example app listening on port 5000',
  level: 'info',
  label: 'TH',
  timestamp: '2023-06-08T17:02:03.174Z'
}
{
  message: 'connect to mongoose',
  level: 'info',
  label: 'TH',
  timestamp: '2023-06-08T17:03:45.319Z'
}
{
  message: 'Example app listening on port 5000',
  level: 'info',
  label: 'TH',
  timestamp: '2023-06-08T17:03:45.325Z'
}
