{
  message: 'connect to mongoose',
  level: 'info',
  label: 'TH',
  timestamp: '2023-06-15T10:21:40.759Z'
}
{
  message: 'Example app listening on port 5000',
  level: 'info',
  label: 'TH',
  timestamp: '2023-06-15T10:21:40.768Z'
}
{
  message: 'connect to mongoose',
  level: 'info',
  label: 'TH',
  timestamp: '2023-06-15T10:28:03.122Z'
}
{
  message: 'Example app listening on port 5000',
  level: 'info',
  label: 'TH',
  timestamp: '2023-06-15T10:28:03.127Z'
}
{
  message: 'connect to mongoose',
  level: 'info',
  label: 'TH',
  timestamp: '2023-06-15T10:28:13.820Z'
}
{
  message: 'Example app listening on port 5000',
  level: 'info',
  label: 'TH',
  timestamp: '2023-06-15T10:28:13.826Z'
}
{
  message: 'connect to mongoose',
  level: 'info',
  label: 'TH',
  timestamp: '2023-06-15T10:28:18.358Z'
}
{
  message: 'Example app listening on port 5000',
  level: 'info',
  label: 'TH',
  timestamp: '2023-06-15T10:28:18.365Z'
}
{
  message: 'connect to mongoose',
  level: 'info',
  label: 'TH',
  timestamp: '2023-06-15T10:35:10.055Z'
}
{
  message: 'Example app listening on port 5000',
  level: 'info',
  label: 'TH',
  timestamp: '2023-06-15T10:35:10.061Z'
}
{
  message: 'connect to mongoose',
  level: 'info',
  label: 'TH',
  timestamp: '2023-06-15T10:36:18.216Z'
}
{
  message: 'Example app listening on port 5000',
  level: 'info',
  label: 'TH',
  timestamp: '2023-06-15T10:36:18.221Z'
}
{
  message: 'connect to mongoose',
  level: 'info',
  label: 'TH',
  timestamp: '2023-06-15T10:38:11.692Z'
}
{
  message: 'Example app listening on port 5000',
  level: 'info',
  label: 'TH',
  timestamp: '2023-06-15T10:38:11.904Z'
}
{
  message: 'connect to mongoose',
  level: 'info',
  label: 'TH',
  timestamp: '2023-06-15T10:39:46.963Z'
}
{
  message: 'Example app listening on port 5000',
  level: 'info',
  label: 'TH',
  timestamp: '2023-06-15T10:39:46.969Z'
}
{
  message: 'connect to mongoose',
  level: 'info',
  label: 'TH',
  timestamp: '2023-06-15T10:43:55.869Z'
}
{
  message: 'Example app listening on port 5000',
  level: 'info',
  label: 'TH',
  timestamp: '2023-06-15T10:43:55.874Z'
}
{
  message: 'connect to mongoose',
  level: 'info',
  label: 'TH',
  timestamp: '2023-06-15T10:44:15.564Z'
}
{
  message: 'Example app listening on port 5000',
  level: 'info',
  label: 'TH',
  timestamp: '2023-06-15T10:44:15.570Z'
}
{
  message: 'connect to mongoose',
  level: 'info',
  label: 'TH',
  timestamp: '2023-06-15T10:45:23.590Z'
}
{
  message: 'Example app listening on port 5000',
  level: 'info',
  label: 'TH',
  timestamp: '2023-06-15T10:45:23.596Z'
}
{
  message: 'connect to mongoose',
  level: 'info',
  label: 'TH',
  timestamp: '2023-06-15T10:46:27.060Z'
}
{
  message: 'Example app listening on port 5000',
  level: 'info',
  label: 'TH',
  timestamp: '2023-06-15T10:46:27.066Z'
}
{
  message: 'connect to mongoose',
  level: 'info',
  label: 'TH',
  timestamp: '2023-06-15T10:49:19.270Z'
}
{
  message: 'Example app listening on port 5000',
  level: 'info',
  label: 'TH',
  timestamp: '2023-06-15T10:49:19.276Z'
}
{
  message: 'connect to mongoose',
  level: 'info',
  label: 'TH',
  timestamp: '2023-06-15T10:52:06.881Z'
}
{
  message: 'Example app listening on port 5000',
  level: 'info',
  label: 'TH',
  timestamp: '2023-06-15T10:52:06.886Z'
}
{
  message: 'connect to mongoose',
  level: 'info',
  label: 'TH',
  timestamp: '2023-06-15T10:54:03.504Z'
}
{
  message: 'Example app listening on port 5000',
  level: 'info',
  label: 'TH',
  timestamp: '2023-06-15T10:54:03.510Z'
}
{
  message: 'connect to mongoose',
  level: 'info',
  label: 'TH',
  timestamp: '2023-06-15T10:55:37.313Z'
}
{
  message: 'Example app listening on port 5000',
  level: 'info',
  label: 'TH',
  timestamp: '2023-06-15T10:55:37.318Z'
}
