{
  message: 'connect to mongoose',
  level: 'info',
  label: 'TH',
  timestamp: '2023-06-12T17:14:48.510Z'
}
{
  message: 'Example app listening on port 5000',
  level: 'info',
  label: 'TH',
  timestamp: '2023-06-12T17:14:48.516Z'
}
{
  message: 'connect to mongoose',
  level: 'info',
  label: 'TH',
  timestamp: '2023-06-12T17:14:48.517Z'
}
{
  message: 'connect to mongoose',
  level: 'info',
  label: 'TH',
  timestamp: '2023-06-12T17:16:28.897Z'
}
{
  message: 'Example app listening on port 5000',
  level: 'info',
  label: 'TH',
  timestamp: '2023-06-12T17:16:28.904Z'
}
{
  message: 'connect to mongoose',
  level: 'info',
  label: 'TH',
  timestamp: '2023-06-12T17:16:30.735Z'
}
{
  message: 'connect to mongoose',
  level: 'info',
  label: 'TH',
  timestamp: '2023-06-12T17:19:12.108Z'
}
{
  message: 'Example app listening on port 5000',
  level: 'info',
  label: 'TH',
  timestamp: '2023-06-12T17:19:12.113Z'
}
{
  message: 'connect to mongoose',
  level: 'info',
  label: 'TH',
  timestamp: '2023-06-12T17:19:20.828Z'
}
