{
  message: 'connect to mongoose',
  level: 'info',
  label: 'TH',
  timestamp: '2023-06-12T04:04:10.700Z'
}
{
  message: 'Example app listening on port 5000',
  level: 'info',
  label: 'TH',
  timestamp: '2023-06-12T04:04:10.705Z'
}
{
  message: 'connect to mongoose',
  level: 'info',
  label: 'TH',
  timestamp: '2023-06-12T04:08:03.263Z'
}
{
  message: 'Example app listening on port 5000',
  level: 'info',
  label: 'TH',
  timestamp: '2023-06-12T04:08:03.269Z'
}
{
  message: 'connect to mongoose',
  level: 'info',
  label: 'TH',
  timestamp: '2023-06-12T04:09:51.866Z'
}
{
  message: 'Example app listening on port 5000',
  level: 'info',
  label: 'TH',
  timestamp: '2023-06-12T04:09:51.872Z'
}
{
  message: 'connect to mongoose',
  level: 'info',
  label: 'TH',
  timestamp: '2023-06-12T04:13:17.555Z'
}
{
  message: 'Example app listening on port 5000',
  level: 'info',
  label: 'TH',
  timestamp: '2023-06-12T04:13:17.561Z'
}
{
  message: 'connect to mongoose',
  level: 'info',
  label: 'TH',
  timestamp: '2023-06-12T04:15:28.445Z'
}
{
  message: 'Example app listening on port 5000',
  level: 'info',
  label: 'TH',
  timestamp: '2023-06-12T04:15:28.450Z'
}
{
  message: 'connect to mongoose',
  level: 'info',
  label: 'TH',
  timestamp: '2023-06-12T04:19:40.858Z'
}
{
  message: 'Example app listening on port 5000',
  level: 'info',
  label: 'TH',
  timestamp: '2023-06-12T04:19:40.864Z'
}
{
  message: 'connect to mongoose',
  level: 'info',
  label: 'TH',
  timestamp: '2023-06-12T04:19:54.605Z'
}
{
  message: 'Example app listening on port 5000',
  level: 'info',
  label: 'TH',
  timestamp: '2023-06-12T04:19:54.610Z'
}
{
  message: 'connect to mongoose',
  level: 'info',
  label: 'TH',
  timestamp: '2023-06-12T04:25:11.154Z'
}
{
  message: 'Example app listening on port 5000',
  level: 'info',
  label: 'TH',
  timestamp: '2023-06-12T04:25:11.160Z'
}
