{
  ok: 0,
  code: 8000,
  codeName: 'AtlasError',
  connectionGeneration: 0,
  level: 'error',
  message: 'failed to connect  bad auth : Authentication failed.',
  stack: 'MongoServerError: bad auth : Authentication failed.\n' +
    '    at Connection.onMessage (I:\\bigProject\\student-management-auth-service\\node_modules\\mongodb\\src\\cmap\\connection.ts:413:18)\n' +
    '    at MessageStream.<anonymous> (I:\\bigProject\\student-management-auth-service\\node_modules\\mongodb\\src\\cmap\\connection.ts:243:56)\n' +
    '    at MessageStream.emit (node:events:520:28)\n' +
    '    at processIncomingData (I:\\bigProject\\student-management-auth-service\\node_modules\\mongodb\\src\\cmap\\message_stream.ts:187:12)\n' +
    '    at MessageStream._write (I:\\bigProject\\student-management-auth-service\\node_modules\\mongodb\\src\\cmap\\message_stream.ts:68:5)\n' +
    '    at writeOrBuffer (node:internal/streams/writable:389:12)\n' +
    '    at _write (node:internal/streams/writable:330:10)\n' +
    '    at MessageStream.Writable.write (node:internal/streams/writable:334:10)\n' +
    '    at TLSSocket.ondata (node:internal/streams/readable:754:22)\n' +
    '    at TLSSocket.emit (node:events:520:28)',
  label: 'TH',
  timestamp: '2023-06-04T16:39:12.428Z',
  [Symbol(errorLabels)]: Set(2) { 'HandshakeError', 'ResetPool' }
}
